Line 22: Property Picture in F_INFORMATION had an invalid file reference.
Line 76: Property Picture in Picture2 had an invalid file reference.
Line 90: Property Picture in Picture3 had an invalid file reference.
Line 145: Property Picture in PicMain had an invalid file reference.
Line 180: Property MouseIcon in Picture4 had an invalid file reference.
Line 192: Property Picture in Image4 had an invalid file reference.
Line 213: Property MouseIcon in Label2 had an invalid file reference.
Line 226: Property MouseIcon in Picture4 had an invalid file reference.
Line 238: Property Picture in Image4 had an invalid file reference.
Line 259: Property MouseIcon in Label2 had an invalid file reference.
Line 272: Property MouseIcon in Picture4 had an invalid file reference.
Line 298: Property MouseIcon in Label2 had an invalid file reference.
Line 308: Property Picture in Image4 had an invalid file reference.
Line 381: Property MouseIcon in Label9 had an invalid file reference.
Line 391: Property Picture in Image4 had an invalid file reference.
Line 399: Property Picture in Image4 had an invalid file reference.
Line 407: Property Picture in Image4 had an invalid file reference.
Line 415: Property Picture in Image4 had an invalid file reference.
Line 434: Property MouseIcon in Label8 had an invalid file reference.
Line 464: Property Picture in DisableImage had an invalid file reference.
Line 492: Property MouseIcon in Label7 had an invalid file reference.
Line 502: Property Picture in Image2 had an invalid file reference.
Line 511: Property Picture in Image2 had an invalid file reference.
Line 531: Property MouseIcon in Label6 had an invalid file reference.
Line 540: Property MouseIcon in Image1 had an invalid file reference.
Line 542: Property Picture in Image1 had an invalid file reference.
Line 561: Property Picture in ImMain had an invalid file reference.
Line 689: Property MouseIcon in Image3 had an invalid file reference.
Line 691: Property Picture in Image3 had an invalid file reference.
Line 754: Property MouseIcon in Image3 had an invalid file reference.
Line 756: Property Picture in Image3 had an invalid file reference.
Line 819: Property MouseIcon in Image3 had an invalid file reference.
Line 821: Property Picture in Image3 had an invalid file reference.
Line 885: Property MouseIcon in Image3 had an invalid file reference.
Line 887: Property Picture in Image3 had an invalid file reference.
Line 919: Property MouseIcon in PicMenu had an invalid file reference.
Line 930: Property MouseIcon in Image3 had an invalid file reference.
Line 932: Property Picture in Image3 had an invalid file reference.
Line 953: Property MouseIcon in Label2 had an invalid file reference.
Line 966: Property MouseIcon in PicMenu had an invalid file reference.
Line 977: Property MouseIcon in Image3 had an invalid file reference.
Line 979: Property Picture in Image3 had an invalid file reference.
Line 1000: Property MouseIcon in Label2 had an invalid file reference.
Line 1013: Property MouseIcon in PicMenu had an invalid file reference.
Line 1024: Property MouseIcon in Image3 had an invalid file reference.
Line 1026: Property Picture in Image3 had an invalid file reference.
Line 1048: Property MouseIcon in Label2 had an invalid file reference.
Line 1061: Property MouseIcon in PicMenu had an invalid file reference.
Line 1086: Property MouseIcon in Label2 had an invalid file reference.
Line 1096: Property MouseIcon in Image3 had an invalid file reference.
Line 1098: Property Picture in Image3 had an invalid file reference.
Line 1235: Property MouseIcon in DefaultMenuLabel had an invalid file reference.
Line 1246: Property MouseIcon in DefaultMenuLabel had an invalid file reference.
Line 1257: Property MouseIcon in DefaultMenuLabel had an invalid file reference.
Line 1268: Property MouseIcon in DefaultMenuLabel had an invalid file reference.
Line 1279: Property MouseIcon in DefaultMenuLabel had an invalid file reference.
Line 1289: Property MouseIcon in DefaultMenu had an invalid file reference.
Line 1291: Property Picture in DefaultMenu had an invalid file reference.
Line 1296: Property DragIcon in DefaultMenu had an invalid file reference.
Line 1300: Property MouseIcon in DefaultMenu had an invalid file reference.
Line 1302: Property Picture in DefaultMenu had an invalid file reference.
Line 1311: Property MouseIcon in DefaultMenu had an invalid file reference.
Line 1313: Property Picture in DefaultMenu had an invalid file reference.
Line 1321: Property MouseIcon in DefaultMenu had an invalid file reference.
Line 1323: Property Picture in DefaultMenu had an invalid file reference.
Line 1376: Property DragIcon in DefaultMenu had an invalid file reference.
Line 1380: Property MouseIcon in DefaultMenu had an invalid file reference.
Line 1382: Property Picture in DefaultMenu had an invalid file reference.
