Line 21: Property Icon in F_MAIN_CLP had an invalid file reference.
Line 212: Property Picture in Image2 had an invalid file reference.
Line 586: Property MouseIcon in Label7 had an invalid file reference.
Line 771: Property Picture in Image1 had an invalid file reference.
Line 1151: Property MouseIcon in Label5 had an invalid file reference.
Line 1258: Property Picture in ImMR had an invalid file reference.
Line 1266: Property Picture in ImMR had an invalid file reference.
Line 2458: Property Picture in DisableImage had an invalid file reference.
Line 2532: Property MouseIcon in Label6 had an invalid file reference.
Line 2770: Property Picture in ImMR had an invalid file reference.
Line 2778: Property Picture in ImMR had an invalid file reference.
Line 3044: Property MouseIcon in Label4 had an invalid file reference.
Line 3106: Property MouseIcon in Image had an invalid file reference.
Line 3108: Property Picture in Image had an invalid file reference.
Line 3136: Property MouseIcon in Image had an invalid file reference.
Line 3138: Property Picture in Image had an invalid file reference.
Line 3188: Property MouseIcon in Image had an invalid file reference.
Line 3190: Property Picture in Image had an invalid file reference.
Line 3242: Property MouseIcon in lbExit had an invalid file reference.
Line 3249: Property DragIcon in DefaultExit had an invalid file reference.
Line 3252: Property MouseIcon in DefaultExit had an invalid file reference.
Line 3254: Property Picture in DefaultExit had an invalid file reference.
Line 3369: Property DragIcon in DefaultMenu had an invalid file reference.
Line 3373: Property MouseIcon in DefaultMenu had an invalid file reference.
Line 3375: Property Picture in DefaultMenu had an invalid file reference.
Line 3397: Property MouseIcon in Label2 had an invalid file reference.
Line 3445: Property MouseIcon in PicMenu had an invalid file reference.
Line 3456: Property MouseIcon in Image3 had an invalid file reference.
Line 3458: Property Picture in Image3 had an invalid file reference.
Line 3479: Property MouseIcon in Label2 had an invalid file reference.
Line 3501: Property MouseIcon in PicMenu had an invalid file reference.
Line 3512: Property MouseIcon in Image3 had an invalid file reference.
Line 3514: Property Picture in Image3 had an invalid file reference.
Line 3535: Property MouseIcon in Label2 had an invalid file reference.
Line 3557: Property MouseIcon in PicMenu had an invalid file reference.
Line 3568: Property MouseIcon in Image3 had an invalid file reference.
Line 3570: Property Picture in Image3 had an invalid file reference.
Line 3592: Property MouseIcon in Label2 had an invalid file reference.
Line 3614: Property MouseIcon in PicMenu had an invalid file reference.
Line 3639: Property MouseIcon in Label2 had an invalid file reference.
Line 3649: Property MouseIcon in Image3 had an invalid file reference.
Line 3651: Property Picture in Image3 had an invalid file reference.
Line 3703: Property Picture in Image6 had an invalid file reference.
Line 3723: Property MouseIcon in Label14 had an invalid file reference.
Line 3734: Property Picture in Image6 had an invalid file reference.
Line 3756: Property MouseIcon in Lab had an invalid file reference.
Line 3802: Property MouseIcon in Lab had an invalid file reference.
Line 3825: Property MouseIcon in Lab had an invalid file reference.
Line 3835: Property Picture in Im had an invalid file reference.
Line 3877: Property MouseIcon in PicIntro had an invalid file reference.
Line 3963: Property MouseIcon in DefaultMenuLabel had an invalid file reference.
Line 3983: Property MouseIcon in DefaultMenuLabel had an invalid file reference.
Line 4003: Property MouseIcon in DefaultMenuLabel had an invalid file reference.
Line 4023: Property MouseIcon in DefaultMenuLabel had an invalid file reference.
Line 4043: Property MouseIcon in DefaultMenuLabel had an invalid file reference.
Line 4066: Property MouseIcon in Label2 had an invalid file reference.
Line 4089: Property MouseIcon in Label2 had an invalid file reference.
Line 4114: Property MouseIcon in Label2 had an invalid file reference.
Line 4137: Property MouseIcon in Label2 had an invalid file reference.
Line 4147: Property MouseIcon in DefaultMenu had an invalid file reference.
Line 4149: Property Picture in DefaultMenu had an invalid file reference.
Line 4158: Property MouseIcon in DefaultMenu had an invalid file reference.
Line 4160: Property Picture in DefaultMenu had an invalid file reference.
Line 4169: Property MouseIcon in DefaultMenu had an invalid file reference.
Line 4171: Property Picture in DefaultMenu had an invalid file reference.
Line 4225: Property DragIcon in DefaultMenu had an invalid file reference.
Line 4229: Property MouseIcon in DefaultMenu had an invalid file reference.
Line 4231: Property Picture in DefaultMenu had an invalid file reference.
