Line 537: Property Picture in ImCode had an invalid file reference.
Line 546: Property Picture in ImCode had an invalid file reference.
Line 674: Property Picture in Image had an invalid file reference.
Line 704: Property Picture in ImViewRecipes had an invalid file reference.
Line 712: Property Picture in ImViewRecipes had an invalid file reference.
Line 2672: Property MouseIcon in DefaultMenuLabel had an invalid file reference.
Line 2696: Property MouseIcon in Lab had an invalid file reference.
Line 2706: Property Picture in DefaultMenu had an invalid file reference.
Line 2706: Property MouseIcon in DefaultMenu had an invalid file reference.
Line 2784: Property Picture in DefaultMenu had an invalid file reference.
Line 2793: Property Picture in DefaultMenu had an invalid file reference.
Line 2802: Property Picture in DefaultMenu had an invalid file reference.
Line 2912: Property Picture in Image3 had an invalid file reference.
Line 537: Property Picture in ImCode had an invalid file reference.
Line 546: Property Picture in ImCode had an invalid file reference.
Line 674: Property Picture in Image had an invalid file reference.
Line 704: Property Picture in ImViewRecipes had an invalid file reference.
Line 712: Property Picture in ImViewRecipes had an invalid file reference.
Line 2672: Property MouseIcon in DefaultMenuLabel had an invalid file reference.
Line 2696: Property MouseIcon in Lab had an invalid file reference.
Line 2706: Property Picture in DefaultMenu had an invalid file reference.
Line 2706: Property MouseIcon in DefaultMenu had an invalid file reference.
Line 2784: Property Picture in DefaultMenu had an invalid file reference.
Line 2793: Property Picture in DefaultMenu had an invalid file reference.
Line 2802: Property Picture in DefaultMenu had an invalid file reference.
Line 2912: Property Picture in Image3 had an invalid file reference.
