Line 112: Class ChemicalProduction.ctlCalendar of control ctlCalendar1 was not a loaded control class.
Line 119: The property name _ExtentX in ctlCalendar1 is invalid.
Line 120: The property name _ExtentY in ctlCalendar1 is invalid.
Line 121: The property name ShowLastMonthButton in ctlCalendar1 is invalid.
Line 122: The property name ShowNextMonthButton in ctlCalendar1 is invalid.
Line 123: The property name ShowLastMonthDays in ctlCalendar1 is invalid.
Line 124: The property name ShowNextMonthDays in ctlCalendar1 is invalid.
Line 125: The property name ShowTodayLabel in ctlCalendar1 is invalid.
Line 126: The property name ColorBackgroundHeader in ctlCalendar1 is invalid.
Line 127: The property name ColorForegroundHeader in ctlCalendar1 is invalid.
Line 128: The property name ColorSelectedBack in ctlCalendar1 is invalid.
Line 129: The property name ColorSelectedFore in ctlCalendar1 is invalid.
Line 130: The property name ColorToday in ctlCalendar1 is invalid.
Line 131: The property name ColorDayColumn in ctlCalendar1 is invalid.
Line 132: The property name ColorAlarms in ctlCalendar1 is invalid.
Line 133: The property name ColorBackground in ctlCalendar1 is invalid.
Line 134: The property name ColorForeground in ctlCalendar1 is invalid.
Line 135: The property name ColorButtons in ctlCalendar1 is invalid.
Line 136: The property name ColorLastNextMonthDayColor in ctlCalendar1 is invalid.
Line 137: The property name ColorLine in ctlCalendar1 is invalid.
Line 138: The property name ColorWeekNumber in ctlCalendar1 is invalid.
Line 139: The property name WeekStartsWith in ctlCalendar1 is invalid.
Line 140: The property name ShowSelected in ctlCalendar1 is invalid.
Line 141: The property name ShowToolTipText in ctlCalendar1 is invalid.
Line 142: The property name ShowWeekNumbers in ctlCalendar1 is invalid.
Line 143: The property name ShowWeekNumberLeft in ctlCalendar1 is invalid.
Line 144: The property name AllowRightClick in ctlCalendar1 is invalid.
Line 145: The property name UseAlarms in ctlCalendar1 is invalid.
Line 146: The property name ShowShortDays in ctlCalendar1 is invalid.
Line 155: The property name FontHeader in ctlCalendar1 is invalid.
Line 164: The property name FontDay in ctlCalendar1 is invalid.
Line 173: The property name FontToday in ctlCalendar1 is invalid.
Line 182: The property name FontColumn in ctlCalendar1 is invalid.
