Line 49: Property Size in Font had an invalid value.
Line 100: Property Size in Font had an invalid value.
Line 139: Property Size in Font had an invalid value.
Line 158: Property Size in Font had an invalid value.
Line 369: Property Size in Font had an invalid value.
Line 391: Property Size in Font had an invalid value.
Line 411: Property Size in Font had an invalid value.
Line 430: Property Size in Font had an invalid value.
Line 487: Property Size in Font had an invalid value.
Line 506: Property Size in Font had an invalid value.
Line 542: Property Size in Font had an invalid value.
Line 571: Property Size in Font had an invalid value.
Line 590: Property Size in Font had an invalid value.
Line 609: Property Size in Font had an invalid value.
Line 628: Property Size in Font had an invalid value.
Line 647: Property Size in Font had an invalid value.
Line 667: Property Size in Font had an invalid value.
Line 687: Property Size in Font had an invalid value.
Line 706: Property Size in Font had an invalid value.
Line 725: Property Size in Font had an invalid value.
Line 744: Property Size in Font had an invalid value.
Line 763: Property Size in Font had an invalid value.
Line 782: Property Size in Font had an invalid value.
Line 801: Property Size in Font had an invalid value.
Line 820: Property Size in Font had an invalid value.
Line 864: Property Size in Font had an invalid value.
Line 925: Property Size in Font had an invalid value.
Line 946: Property Size in Font had an invalid value.
Line 967: Property Size in Font had an invalid value.
Line 998: Property Size in Font had an invalid value.
Line 1157: Property Size in Font had an invalid value.
Line 1198: Property Size in Font had an invalid value.
Line 1221: Property Size in Font had an invalid value.
Line 1244: Property Size in Font had an invalid value.
Line 1266: Property Size in Font had an invalid value.
Line 1288: Property Size in Font had an invalid value.
Line 1309: Property Size in Font had an invalid value.
Line 1330: Property Size in Font had an invalid value.
Line 1351: Property Size in Font had an invalid value.
Line 1372: Property Size in Font had an invalid value.
Line 1393: Property Size in Font had an invalid value.
Line 1414: Property Size in Font had an invalid value.
Line 1435: Property Size in Font had an invalid value.
Line 1456: Property Size in Font had an invalid value.
Line 1477: Property Size in Font had an invalid value.
Line 1498: Property Size in Font had an invalid value.
Line 1531: Property Size in Font had an invalid value.
Line 1564: Property Size in Font had an invalid value.
Line 1624: Property Size in Font had an invalid value.
Line 1643: Property Size in Font had an invalid value.
Line 1662: Property Size in Font had an invalid value.
Line 1679: Property Size in Font had an invalid value.
Line 1761: Property Size in Font had an invalid value.
Line 1780: Property Size in Font had an invalid value.
Line 1799: Property Size in Font had an invalid value.
Line 1818: Property Size in Font had an invalid value.
Line 1837: Property Size in Font had an invalid value.
Line 1856: Property Size in Font had an invalid value.
Line 1875: Property Size in Font had an invalid value.
Line 1894: Property Size in Font had an invalid value.
Line 1914: Property Size in Font had an invalid value.
Line 1935: Property Size in Font had an invalid value.
Line 1956: Property Size in Font had an invalid value.
Line 1977: Property Size in Font had an invalid value.
Line 1998: Property Size in Font had an invalid value.
Line 2019: Property Size in Font had an invalid value.
Line 2051: Property Size in Font had an invalid value.
Line 2115: Property Size in Font had an invalid value.
Line 2165: Property Size in Font had an invalid value.
Line 2186: Property Size in Font had an invalid value.
Line 2207: Property Size in Font had an invalid value.
Line 2228: Property Size in Font had an invalid value.
Line 2249: Property Size in Font had an invalid value.
Line 2270: Property Size in Font had an invalid value.
Line 2376: Property Size in Font had an invalid value.
Line 2396: Property Size in Font had an invalid value.
Line 2426: Property Size in Font had an invalid value.
Line 2447: Property Size in Font had an invalid value.
Line 2468: Property Size in Font had an invalid value.
Line 2488: Property Size in Font had an invalid value.
Line 2509: Property Size in Font had an invalid value.
Line 2531: Property Size in Font had an invalid value.
Line 2553: Property Size in Font had an invalid value.
Line 2574: Property Size in Font had an invalid value.
Line 2595: Property Size in Font had an invalid value.
Line 2616: Property Size in Font had an invalid value.
Line 2638: Property Size in Font had an invalid value.
Line 2658: Property Size in Font had an invalid value.
Line 2678: Property Size in Font had an invalid value.
Line 2708: Property Size in Font had an invalid value.
Line 2727: Property Size in Font had an invalid value.
Line 2746: Property Size in Font had an invalid value.
Line 2766: Property Size in Font had an invalid value.
Line 2789: Property Size in Font had an invalid value.
Line 2810: Property Size in Font had an invalid value.
Line 2833: Property Size in Font had an invalid value.
Line 2856: Property Size in Font had an invalid value.
Line 2877: Property Size in Font had an invalid value.
Line 2918: Property Size in Font had an invalid value.
Line 2939: Property Size in Font had an invalid value.
Line 2960: Property Size in Font had an invalid value.
Line 2981: Property Size in Font had an invalid value.
Line 3002: Property Size in Font had an invalid value.
Line 3092: Property Size in Font had an invalid value.
Line 3120: Property Size in Font had an invalid value.
Line 3175: Property Size in Font had an invalid value.
Line 3222: Property Size in Font had an invalid value.
Line 3280: Property Size in Font had an invalid value.
Line 3333: Property Size in Font had an invalid value.
Line 3370: Property Size in Font had an invalid value.
Line 3416: Property Size in Font had an invalid value.
Line 3451: Property Size in Font had an invalid value.
Line 3473: Property Size in Font had an invalid value.
Line 3525: Property Size in FontHeader had an invalid value.
Line 3534: Property Size in FontDay had an invalid value.
Line 3543: Property Size in FontToday had an invalid value.
Line 3552: Property Size in FontColumn had an invalid value.
Line 3591: Property Size in Font had an invalid value.
Line 3623: Property Size in Font had an invalid value.
Line 3644: Property Size in Font had an invalid value.
Line 3665: Property Size in Font had an invalid value.
Line 3686: Property Size in Font had an invalid value.
Line 3707: Property Size in Font had an invalid value.
Line 3728: Property Size in Font had an invalid value.
Line 3749: Property Size in Font had an invalid value.
Line 3770: Property Size in Font had an invalid value.
Line 3791: Property Size in Font had an invalid value.
Line 3812: Property Size in Font had an invalid value.
Line 3833: Property Size in Font had an invalid value.
Line 3854: Property Size in Font had an invalid value.
Line 3875: Property Size in Font had an invalid value.
Line 3896: Property Size in Font had an invalid value.
Line 3917: Property Size in Font had an invalid value.
Line 3938: Property Size in Font had an invalid value.
Line 3968: Property Size in Font had an invalid value.
Line 3988: Property Size in Font had an invalid value.
Line 4008: Property Size in Font had an invalid value.
Line 4028: Property Size in Font had an invalid value.
Line 4048: Property Size in Font had an invalid value.
Line 4068: Property Size in Font had an invalid value.
Line 4089: Property Size in Font had an invalid value.
Line 4110: Property Size in Font had an invalid value.
Line 4131: Property Size in Font had an invalid value.
Line 4152: Property Size in Font had an invalid value.
Line 4173: Property Size in Font had an invalid value.
Line 4194: Property Size in Font had an invalid value.
Line 4215: Property Size in Font had an invalid value.
Line 4236: Property Size in Font had an invalid value.
Line 4257: Property Size in Font had an invalid value.
Line 4278: Property Size in Font had an invalid value.
Line 4299: Property Size in Font had an invalid value.
Line 4320: Property Size in Font had an invalid value.
Line 4341: Property Size in Font had an invalid value.
Line 4362: Property Size in Font had an invalid value.
Line 4404: Property Size in Font had an invalid value.
Line 4425: Property Size in Font had an invalid value.
Line 4491: Property Size in Font had an invalid value.
Line 4512: Property Size in Font had an invalid value.
Line 4533: Property Size in Font had an invalid value.
Line 4554: Property Size in Font had an invalid value.
Line 4575: Property Size in Font had an invalid value.
Line 4596: Property Size in Font had an invalid value.
Line 4617: Property Size in Font had an invalid value.
Line 4638: Property Size in Font had an invalid value.
Line 4659: Property Size in Font had an invalid value.
Line 4680: Property Size in Font had an invalid value.
Line 4701: Property Size in Font had an invalid value.
Line 4722: Property Size in Font had an invalid value.
Line 4743: Property Size in Font had an invalid value.
Line 4764: Property Size in Font had an invalid value.
Line 4785: Property Size in Font had an invalid value.
Line 4806: Property Size in Font had an invalid value.
Line 4827: Property Size in Font had an invalid value.
Line 4850: Property Size in Font had an invalid value.
Line 4949: Property Size in Font had an invalid value.
Line 4973: Property Size in Font had an invalid value.
Line 4997: Property Size in Font had an invalid value.
Line 5019: Property Size in Font had an invalid value.
Line 49: Property Size in Font had an invalid value.
Line 100: Property Size in Font had an invalid value.
Line 139: Property Size in Font had an invalid value.
Line 158: Property Size in Font had an invalid value.
Line 369: Property Size in Font had an invalid value.
Line 391: Property Size in Font had an invalid value.
Line 411: Property Size in Font had an invalid value.
Line 430: Property Size in Font had an invalid value.
Line 487: Property Size in Font had an invalid value.
Line 506: Property Size in Font had an invalid value.
Line 542: Property Size in Font had an invalid value.
Line 571: Property Size in Font had an invalid value.
Line 590: Property Size in Font had an invalid value.
Line 609: Property Size in Font had an invalid value.
Line 628: Property Size in Font had an invalid value.
Line 647: Property Size in Font had an invalid value.
Line 667: Property Size in Font had an invalid value.
Line 687: Property Size in Font had an invalid value.
Line 706: Property Size in Font had an invalid value.
Line 725: Property Size in Font had an invalid value.
Line 744: Property Size in Font had an invalid value.
Line 763: Property Size in Font had an invalid value.
Line 782: Property Size in Font had an invalid value.
Line 801: Property Size in Font had an invalid value.
Line 820: Property Size in Font had an invalid value.
Line 864: Property Size in Font had an invalid value.
Line 925: Property Size in Font had an invalid value.
Line 946: Property Size in Font had an invalid value.
Line 967: Property Size in Font had an invalid value.
Line 998: Property Size in Font had an invalid value.
Line 1157: Property Size in Font had an invalid value.
Line 1198: Property Size in Font had an invalid value.
Line 1221: Property Size in Font had an invalid value.
Line 1244: Property Size in Font had an invalid value.
Line 1266: Property Size in Font had an invalid value.
Line 1288: Property Size in Font had an invalid value.
Line 1309: Property Size in Font had an invalid value.
Line 1330: Property Size in Font had an invalid value.
Line 1351: Property Size in Font had an invalid value.
Line 1372: Property Size in Font had an invalid value.
Line 1393: Property Size in Font had an invalid value.
Line 1414: Property Size in Font had an invalid value.
Line 1435: Property Size in Font had an invalid value.
Line 1456: Property Size in Font had an invalid value.
Line 1477: Property Size in Font had an invalid value.
Line 1498: Property Size in Font had an invalid value.
Line 1531: Property Size in Font had an invalid value.
Line 1564: Property Size in Font had an invalid value.
Line 1624: Property Size in Font had an invalid value.
Line 1643: Property Size in Font had an invalid value.
Line 1662: Property Size in Font had an invalid value.
Line 1679: Property Size in Font had an invalid value.
Line 1761: Property Size in Font had an invalid value.
Line 1780: Property Size in Font had an invalid value.
Line 1799: Property Size in Font had an invalid value.
Line 1818: Property Size in Font had an invalid value.
Line 1837: Property Size in Font had an invalid value.
Line 1856: Property Size in Font had an invalid value.
Line 1875: Property Size in Font had an invalid value.
Line 1894: Property Size in Font had an invalid value.
Line 1914: Property Size in Font had an invalid value.
Line 1935: Property Size in Font had an invalid value.
Line 1956: Property Size in Font had an invalid value.
Line 1977: Property Size in Font had an invalid value.
Line 1998: Property Size in Font had an invalid value.
Line 2019: Property Size in Font had an invalid value.
Line 2051: Property Size in Font had an invalid value.
Line 2115: Property Size in Font had an invalid value.
Line 2165: Property Size in Font had an invalid value.
Line 2186: Property Size in Font had an invalid value.
Line 2207: Property Size in Font had an invalid value.
Line 2228: Property Size in Font had an invalid value.
Line 2249: Property Size in Font had an invalid value.
Line 2270: Property Size in Font had an invalid value.
Line 2376: Property Size in Font had an invalid value.
Line 2396: Property Size in Font had an invalid value.
Line 2426: Property Size in Font had an invalid value.
Line 2447: Property Size in Font had an invalid value.
Line 2468: Property Size in Font had an invalid value.
Line 2488: Property Size in Font had an invalid value.
Line 2509: Property Size in Font had an invalid value.
Line 2531: Property Size in Font had an invalid value.
Line 2553: Property Size in Font had an invalid value.
Line 2574: Property Size in Font had an invalid value.
Line 2595: Property Size in Font had an invalid value.
Line 2616: Property Size in Font had an invalid value.
Line 2638: Property Size in Font had an invalid value.
Line 2658: Property Size in Font had an invalid value.
Line 2678: Property Size in Font had an invalid value.
Line 2708: Property Size in Font had an invalid value.
Line 2727: Property Size in Font had an invalid value.
Line 2746: Property Size in Font had an invalid value.
Line 2766: Property Size in Font had an invalid value.
Line 2789: Property Size in Font had an invalid value.
Line 2810: Property Size in Font had an invalid value.
Line 2833: Property Size in Font had an invalid value.
Line 2856: Property Size in Font had an invalid value.
Line 2877: Property Size in Font had an invalid value.
Line 2918: Property Size in Font had an invalid value.
Line 2939: Property Size in Font had an invalid value.
Line 2960: Property Size in Font had an invalid value.
Line 2981: Property Size in Font had an invalid value.
Line 3002: Property Size in Font had an invalid value.
Line 3092: Property Size in Font had an invalid value.
Line 3120: Property Size in Font had an invalid value.
Line 3175: Property Size in Font had an invalid value.
Line 3222: Property Size in Font had an invalid value.
Line 3280: Property Size in Font had an invalid value.
Line 3333: Property Size in Font had an invalid value.
Line 3370: Property Size in Font had an invalid value.
Line 3416: Property Size in Font had an invalid value.
Line 3451: Property Size in Font had an invalid value.
Line 3473: Property Size in Font had an invalid value.
Line 3525: Property Size in FontHeader had an invalid value.
Line 3534: Property Size in FontDay had an invalid value.
Line 3543: Property Size in FontToday had an invalid value.
Line 3552: Property Size in FontColumn had an invalid value.
Line 3591: Property Size in Font had an invalid value.
Line 3623: Property Size in Font had an invalid value.
Line 3644: Property Size in Font had an invalid value.
Line 3665: Property Size in Font had an invalid value.
Line 3686: Property Size in Font had an invalid value.
Line 3707: Property Size in Font had an invalid value.
Line 3728: Property Size in Font had an invalid value.
Line 3749: Property Size in Font had an invalid value.
Line 3770: Property Size in Font had an invalid value.
Line 3791: Property Size in Font had an invalid value.
Line 3812: Property Size in Font had an invalid value.
Line 3833: Property Size in Font had an invalid value.
Line 3854: Property Size in Font had an invalid value.
Line 3875: Property Size in Font had an invalid value.
Line 3896: Property Size in Font had an invalid value.
Line 3917: Property Size in Font had an invalid value.
Line 3938: Property Size in Font had an invalid value.
Line 3968: Property Size in Font had an invalid value.
Line 3988: Property Size in Font had an invalid value.
Line 4008: Property Size in Font had an invalid value.
Line 4028: Property Size in Font had an invalid value.
Line 4048: Property Size in Font had an invalid value.
Line 4068: Property Size in Font had an invalid value.
Line 4089: Property Size in Font had an invalid value.
Line 4110: Property Size in Font had an invalid value.
Line 4131: Property Size in Font had an invalid value.
Line 4152: Property Size in Font had an invalid value.
Line 4173: Property Size in Font had an invalid value.
Line 4194: Property Size in Font had an invalid value.
Line 4215: Property Size in Font had an invalid value.
Line 4236: Property Size in Font had an invalid value.
Line 4257: Property Size in Font had an invalid value.
Line 4278: Property Size in Font had an invalid value.
Line 4299: Property Size in Font had an invalid value.
Line 4320: Property Size in Font had an invalid value.
Line 4341: Property Size in Font had an invalid value.
Line 4362: Property Size in Font had an invalid value.
Line 4404: Property Size in Font had an invalid value.
Line 4425: Property Size in Font had an invalid value.
Line 4491: Property Size in Font had an invalid value.
Line 4512: Property Size in Font had an invalid value.
Line 4533: Property Size in Font had an invalid value.
Line 4554: Property Size in Font had an invalid value.
Line 4575: Property Size in Font had an invalid value.
Line 4596: Property Size in Font had an invalid value.
Line 4617: Property Size in Font had an invalid value.
Line 4638: Property Size in Font had an invalid value.
Line 4659: Property Size in Font had an invalid value.
Line 4680: Property Size in Font had an invalid value.
Line 4701: Property Size in Font had an invalid value.
Line 4722: Property Size in Font had an invalid value.
Line 4743: Property Size in Font had an invalid value.
Line 4764: Property Size in Font had an invalid value.
Line 4785: Property Size in Font had an invalid value.
Line 4806: Property Size in Font had an invalid value.
Line 4827: Property Size in Font had an invalid value.
Line 4850: Property Size in Font had an invalid value.
Line 4949: Property Size in Font had an invalid value.
Line 4973: Property Size in Font had an invalid value.
Line 4997: Property Size in Font had an invalid value.
Line 5019: Property Size in Font had an invalid value.
