Line 403: Class Alcosoft.ctlCalendar of control ctlCalendar1 was not a loaded control class.
Line 410: The property name _ExtentX in ctlCalendar1 is invalid.
Line 411: The property name _ExtentY in ctlCalendar1 is invalid.
Line 412: The property name ShowLastMonthButton in ctlCalendar1 is invalid.
Line 413: The property name ShowNextMonthButton in ctlCalendar1 is invalid.
Line 414: The property name ShowLastMonthDays in ctlCalendar1 is invalid.
Line 415: The property name ShowNextMonthDays in ctlCalendar1 is invalid.
Line 416: The property name ShowTodayLabel in ctlCalendar1 is invalid.
Line 417: The property name ColorBackgroundHeader in ctlCalendar1 is invalid.
Line 418: The property name ColorForegroundHeader in ctlCalendar1 is invalid.
Line 419: The property name ColorSelectedBack in ctlCalendar1 is invalid.
Line 420: The property name ColorSelectedFore in ctlCalendar1 is invalid.
Line 421: The property name ColorToday in ctlCalendar1 is invalid.
Line 422: The property name ColorDayColumn in ctlCalendar1 is invalid.
Line 423: The property name ColorAlarms in ctlCalendar1 is invalid.
Line 424: The property name ColorBackground in ctlCalendar1 is invalid.
Line 425: The property name ColorForeground in ctlCalendar1 is invalid.
Line 426: The property name ColorButtons in ctlCalendar1 is invalid.
Line 427: The property name ColorLastNextMonthDayColor in ctlCalendar1 is invalid.
Line 428: The property name ColorLine in ctlCalendar1 is invalid.
Line 429: The property name ColorWeekNumber in ctlCalendar1 is invalid.
Line 430: The property name WeekStartsWith in ctlCalendar1 is invalid.
Line 431: The property name ShowSelected in ctlCalendar1 is invalid.
Line 432: The property name ShowToolTipText in ctlCalendar1 is invalid.
Line 433: The property name ShowWeekNumbers in ctlCalendar1 is invalid.
Line 434: The property name ShowWeekNumberLeft in ctlCalendar1 is invalid.
Line 435: The property name AllowRightClick in ctlCalendar1 is invalid.
Line 436: The property name UseAlarms in ctlCalendar1 is invalid.
Line 437: The property name ShowShortDays in ctlCalendar1 is invalid.
Line 446: The property name FontHeader in ctlCalendar1 is invalid.
Line 455: The property name FontDay in ctlCalendar1 is invalid.
Line 464: The property name FontToday in ctlCalendar1 is invalid.
Line 473: The property name FontColumn in ctlCalendar1 is invalid.
