Line 48: Property Picture in DefaultMenu had an invalid file reference.
Line 57: Property Picture in DefaultMenu had an invalid file reference.
Line 66: Property Picture in DefaultMenu had an invalid file reference.
Line 633: Property Picture in Image had an invalid file reference.
Line 763: Property Picture in ImCode had an invalid file reference.
Line 772: Property Picture in ImCode had an invalid file reference.
Line 976: Property MouseIcon in PicMenu had an invalid file reference.
Line 1000: Property MouseIcon in Label2 had an invalid file reference.
Line 1010: Property MouseIcon in Image3 had an invalid file reference.
Line 1012: Property Picture in Image3 had an invalid file reference.
Line 1032: Property MouseIcon in PicMenu had an invalid file reference.
Line 1043: Property MouseIcon in Image3 had an invalid file reference.
Line 1045: Property Picture in Image3 had an invalid file reference.
Line 1066: Property MouseIcon in Label2 had an invalid file reference.
Line 1088: Property MouseIcon in PicMenu had an invalid file reference.
Line 1099: Property MouseIcon in Image3 had an invalid file reference.
Line 1101: Property Picture in Image3 had an invalid file reference.
Line 1122: Property MouseIcon in Label2 had an invalid file reference.
Line 1144: Property MouseIcon in PicMenu had an invalid file reference.
Line 1155: Property MouseIcon in Image3 had an invalid file reference.
Line 1157: Property Picture in Image3 had an invalid file reference.
Line 1178: Property MouseIcon in Label2 had an invalid file reference.
Line 1200: Property MouseIcon in PicMenu had an invalid file reference.
Line 1211: Property MouseIcon in Image3 had an invalid file reference.
Line 1213: Property Picture in Image3 had an invalid file reference.
Line 1234: Property MouseIcon in Label2 had an invalid file reference.
